INFO - 2025-02-11 08:09:45 --> Session: Class initialized using 'CodeIgniter\Session\Handlers\FileHandler' driver.
INFO - 2025-02-11 08:09:46 --> Session: Class initialized using 'CodeIgniter\Session\Handlers\FileHandler' driver.
INFO - 2025-02-11 08:09:58 --> Session: Class initialized using 'CodeIgniter\Session\Handlers\FileHandler' driver.
INFO - 2025-02-11 08:09:58 --> Session: Class initialized using 'CodeIgniter\Session\Handlers\FileHandler' driver.
INFO - 2025-02-11 08:10:29 --> Session: Class initialized using 'CodeIgniter\Session\Handlers\FileHandler' driver.
INFO - 2025-02-11 08:10:33 --> Session: Class initialized using 'CodeIgniter\Session\Handlers\FileHandler' driver.
ERROR - 2025-02-11 08:40:09 --> mysqli_sql_exception: Can't create table `nhahang`.`menu` (errno: 150 "Foreign key constraint is incorrectly formed") in E:\Xampp\htdocs\codeigniter\nhahang\system\Database\MySQLi\Connection.php:308
Stack trace:
#0 E:\Xampp\htdocs\codeigniter\nhahang\system\Database\MySQLi\Connection.php(308): mysqli->query('CREATE TABLE `m...', 0)
#1 E:\Xampp\htdocs\codeigniter\nhahang\system\Database\BaseConnection.php(722): CodeIgniter\Database\MySQLi\Connection->execute('CREATE TABLE `m...')
#2 E:\Xampp\htdocs\codeigniter\nhahang\system\Database\BaseConnection.php(636): CodeIgniter\Database\BaseConnection->simpleQuery('CREATE TABLE `m...')
#3 E:\Xampp\htdocs\codeigniter\nhahang\system\Database\Forge.php(570): CodeIgniter\Database\BaseConnection->query('CREATE TABLE `m...')
#4 E:\Xampp\htdocs\codeigniter\nhahang\app\Database\Migrations\2025-02-11-083335_Menu.php(30): CodeIgniter\Database\Forge->createTable('menu')
#5 E:\Xampp\htdocs\codeigniter\nhahang\system\Database\MigrationRunner.php(867): App\Database\Migrations\Menu->up()
#6 E:\Xampp\htdocs\codeigniter\nhahang\system\Database\MigrationRunner.php(183): CodeIgniter\Database\MigrationRunner->migrate('up', Object(stdClass))
#7 E:\Xampp\htdocs\codeigniter\nhahang\system\Commands\Database\Migrate.php(85): CodeIgniter\Database\MigrationRunner->latest(NULL)
#8 E:\Xampp\htdocs\codeigniter\nhahang\system\CLI\Commands.php(70): CodeIgniter\Commands\Database\Migrate->run(Array)
#9 E:\Xampp\htdocs\codeigniter\nhahang\system\CLI\Console.php(48): CodeIgniter\CLI\Commands->run('migrate', Array)
#10 E:\Xampp\htdocs\codeigniter\nhahang\system\Boot.php(338): CodeIgniter\CLI\Console->run()
#11 E:\Xampp\htdocs\codeigniter\nhahang\system\Boot.php(104): CodeIgniter\Boot::runCommand(Object(CodeIgniter\CLI\Console))
#12 E:\Xampp\htdocs\codeigniter\nhahang\spark(84): CodeIgniter\Boot::bootSpark(Object(Config\Paths))
#13 {main}
ERROR - 2025-02-11 08:41:55 --> mysqli_sql_exception: Can't create table `nhahang`.`menu` (errno: 150 "Foreign key constraint is incorrectly formed") in E:\Xampp\htdocs\codeigniter\nhahang\system\Database\MySQLi\Connection.php:308
Stack trace:
#0 E:\Xampp\htdocs\codeigniter\nhahang\system\Database\MySQLi\Connection.php(308): mysqli->query('CREATE TABLE `m...', 0)
#1 E:\Xampp\htdocs\codeigniter\nhahang\system\Database\BaseConnection.php(722): CodeIgniter\Database\MySQLi\Connection->execute('CREATE TABLE `m...')
#2 E:\Xampp\htdocs\codeigniter\nhahang\system\Database\BaseConnection.php(636): CodeIgniter\Database\BaseConnection->simpleQuery('CREATE TABLE `m...')
#3 E:\Xampp\htdocs\codeigniter\nhahang\system\Database\Forge.php(570): CodeIgniter\Database\BaseConnection->query('CREATE TABLE `m...')
#4 E:\Xampp\htdocs\codeigniter\nhahang\app\Database\Migrations\2025-02-11-083335_Menu.php(30): CodeIgniter\Database\Forge->createTable('menu')
#5 E:\Xampp\htdocs\codeigniter\nhahang\system\Database\MigrationRunner.php(867): App\Database\Migrations\Menu->up()
#6 E:\Xampp\htdocs\codeigniter\nhahang\system\Database\MigrationRunner.php(183): CodeIgniter\Database\MigrationRunner->migrate('up', Object(stdClass))
#7 E:\Xampp\htdocs\codeigniter\nhahang\system\Commands\Database\Migrate.php(85): CodeIgniter\Database\MigrationRunner->latest(NULL)
#8 E:\Xampp\htdocs\codeigniter\nhahang\system\CLI\Commands.php(70): CodeIgniter\Commands\Database\Migrate->run(Array)
#9 E:\Xampp\htdocs\codeigniter\nhahang\system\CLI\Console.php(48): CodeIgniter\CLI\Commands->run('migrate', Array)
#10 E:\Xampp\htdocs\codeigniter\nhahang\system\Boot.php(338): CodeIgniter\CLI\Console->run()
#11 E:\Xampp\htdocs\codeigniter\nhahang\system\Boot.php(104): CodeIgniter\Boot::runCommand(Object(CodeIgniter\CLI\Console))
#12 E:\Xampp\htdocs\codeigniter\nhahang\spark(84): CodeIgniter\Boot::bootSpark(Object(Config\Paths))
#13 {main}
ERROR - 2025-02-11 08:43:05 --> mysqli_sql_exception: Can't create table `nhahang`.`menu` (errno: 150 "Foreign key constraint is incorrectly formed") in E:\Xampp\htdocs\codeigniter\nhahang\system\Database\MySQLi\Connection.php:308
Stack trace:
#0 E:\Xampp\htdocs\codeigniter\nhahang\system\Database\MySQLi\Connection.php(308): mysqli->query('CREATE TABLE `m...', 0)
#1 E:\Xampp\htdocs\codeigniter\nhahang\system\Database\BaseConnection.php(722): CodeIgniter\Database\MySQLi\Connection->execute('CREATE TABLE `m...')
#2 E:\Xampp\htdocs\codeigniter\nhahang\system\Database\BaseConnection.php(636): CodeIgniter\Database\BaseConnection->simpleQuery('CREATE TABLE `m...')
#3 E:\Xampp\htdocs\codeigniter\nhahang\system\Database\Forge.php(570): CodeIgniter\Database\BaseConnection->query('CREATE TABLE `m...')
#4 E:\Xampp\htdocs\codeigniter\nhahang\app\Database\Migrations\2025-02-11-083335_Menu.php(30): CodeIgniter\Database\Forge->createTable('menu')
#5 E:\Xampp\htdocs\codeigniter\nhahang\system\Database\MigrationRunner.php(867): App\Database\Migrations\Menu->up()
#6 E:\Xampp\htdocs\codeigniter\nhahang\system\Database\MigrationRunner.php(183): CodeIgniter\Database\MigrationRunner->migrate('up', Object(stdClass))
#7 E:\Xampp\htdocs\codeigniter\nhahang\system\Commands\Database\Migrate.php(85): CodeIgniter\Database\MigrationRunner->latest(NULL)
#8 E:\Xampp\htdocs\codeigniter\nhahang\system\CLI\Commands.php(70): CodeIgniter\Commands\Database\Migrate->run(Array)
#9 E:\Xampp\htdocs\codeigniter\nhahang\system\CLI\Console.php(48): CodeIgniter\CLI\Commands->run('migrate', Array)
#10 E:\Xampp\htdocs\codeigniter\nhahang\system\Boot.php(338): CodeIgniter\CLI\Console->run()
#11 E:\Xampp\htdocs\codeigniter\nhahang\system\Boot.php(104): CodeIgniter\Boot::runCommand(Object(CodeIgniter\CLI\Console))
#12 E:\Xampp\htdocs\codeigniter\nhahang\spark(84): CodeIgniter\Boot::bootSpark(Object(Config\Paths))
#13 {main}
INFO - 2025-02-11 08:44:53 --> Session: Class initialized using 'CodeIgniter\Session\Handlers\FileHandler' driver.
INFO - 2025-02-11 08:44:55 --> Session: Class initialized using 'CodeIgniter\Session\Handlers\FileHandler' driver.
