INFO - 2024-10-18 04:41:13 --> Session: Class initialized using 'CodeIgniter\Session\Handlers\FileHandler' driver.
INFO - 2024-10-18 04:42:14 --> Session: Class initialized using 'CodeIgniter\Session\Handlers\FileHandler' driver.
INFO - 2024-10-18 04:46:55 --> Session: Class initialized using 'CodeIgniter\Session\Handlers\FileHandler' driver.
INFO - 2024-10-18 04:46:56 --> Session: Class initialized using 'CodeIgniter\Session\Handlers\FileHandler' driver.
INFO - 2024-10-18 04:47:38 --> Session: Class initialized using 'CodeIgniter\Session\Handlers\FileHandler' driver.
INFO - 2024-10-18 04:47:38 --> Session: Class initialized using 'CodeIgniter\Session\Handlers\FileHandler' driver.
INFO - 2024-10-18 04:47:50 --> Session: Class initialized using 'CodeIgniter\Session\Handlers\FileHandler' driver.
INFO - 2024-10-18 04:49:30 --> Session: Class initialized using 'CodeIgniter\Session\Handlers\FileHandler' driver.
INFO - 2024-10-18 04:54:01 --> Session: Class initialized using 'CodeIgniter\Session\Handlers\FileHandler' driver.
ERROR - 2024-10-18 04:54:05 --> Error connecting to the database: mysqli_sql_exception: No connection could be made because the target machine actively refused it in E:\Xampp\htdocs\codeigniter\nhahang\system\Database\MySQLi\Connection.php:186
Stack trace:
#0 E:\Xampp\htdocs\codeigniter\nhahang\system\Database\MySQLi\Connection.php(186): mysqli->real_connect('localhost', 'root', Object(SensitiveParameterValue), 'test', 3306, '', 0)
#1 E:\Xampp\htdocs\codeigniter\nhahang\system\Database\BaseConnection.php(421): CodeIgniter\Database\MySQLi\Connection->connect(false)
#2 E:\Xampp\htdocs\codeigniter\nhahang\system\Database\BaseConnection.php(604): CodeIgniter\Database\BaseConnection->initialize()
#3 E:\Xampp\htdocs\codeigniter\nhahang\system\Database\BaseBuilder.php(1629): CodeIgniter\Database\BaseConnection->query('SELECT `role_id...', Array, false)
#4 E:\Xampp\htdocs\codeigniter\nhahang\system\Model.php(319): CodeIgniter\Database\BaseBuilder->get()
#5 E:\Xampp\htdocs\codeigniter\nhahang\system\BaseModel.php(714): CodeIgniter\Model->doFirst()
#6 E:\Xampp\htdocs\codeigniter\nhahang\app\Filters\AuthFilter.php(52): CodeIgniter\BaseModel->first()
#7 E:\Xampp\htdocs\codeigniter\nhahang\system\Filters\Filters.php(203): App\Filters\AuthFilter->before(Object(CodeIgniter\HTTP\IncomingRequest), NULL)
#8 E:\Xampp\htdocs\codeigniter\nhahang\system\Filters\Filters.php(184): CodeIgniter\Filters\Filters->runBefore(Array)
#9 E:\Xampp\htdocs\codeigniter\nhahang\system\CodeIgniter.php(481): CodeIgniter\Filters\Filters->run('dashboard/group', 'before')
#10 E:\Xampp\htdocs\codeigniter\nhahang\system\CodeIgniter.php(355): CodeIgniter\CodeIgniter->handleRequest(NULL, Object(Config\Cache), false)
#11 E:\Xampp\htdocs\codeigniter\nhahang\system\Boot.php(312): CodeIgniter\CodeIgniter->run()
#12 E:\Xampp\htdocs\codeigniter\nhahang\system\Boot.php(67): CodeIgniter\Boot::runCodeIgniter(Object(CodeIgniter\CodeIgniter))
#13 E:\Xampp\htdocs\codeigniter\nhahang\public\index.php(56): CodeIgniter\Boot::bootWeb(Object(Config\Paths))
#14 E:\Xampp\htdocs\codeigniter\nhahang\system\Commands\Server\rewrite.php(49): require_once('E:\\Xampp\\htdocs...')
#15 {main}

Next CodeIgniter\Database\Exceptions\DatabaseException: No connection could be made because the target machine actively refused it in E:\Xampp\htdocs\codeigniter\nhahang\system\Database\MySQLi\Connection.php:231
Stack trace:
#0 E:\Xampp\htdocs\codeigniter\nhahang\system\Database\BaseConnection.php(421): CodeIgniter\Database\MySQLi\Connection->connect(false)
#1 E:\Xampp\htdocs\codeigniter\nhahang\system\Database\BaseConnection.php(604): CodeIgniter\Database\BaseConnection->initialize()
#2 E:\Xampp\htdocs\codeigniter\nhahang\system\Database\BaseBuilder.php(1629): CodeIgniter\Database\BaseConnection->query('SELECT `role_id...', Array, false)
#3 E:\Xampp\htdocs\codeigniter\nhahang\system\Model.php(319): CodeIgniter\Database\BaseBuilder->get()
#4 E:\Xampp\htdocs\codeigniter\nhahang\system\BaseModel.php(714): CodeIgniter\Model->doFirst()
#5 E:\Xampp\htdocs\codeigniter\nhahang\app\Filters\AuthFilter.php(52): CodeIgniter\BaseModel->first()
#6 E:\Xampp\htdocs\codeigniter\nhahang\system\Filters\Filters.php(203): App\Filters\AuthFilter->before(Object(CodeIgniter\HTTP\IncomingRequest), NULL)
#7 E:\Xampp\htdocs\codeigniter\nhahang\system\Filters\Filters.php(184): CodeIgniter\Filters\Filters->runBefore(Array)
#8 E:\Xampp\htdocs\codeigniter\nhahang\system\CodeIgniter.php(481): CodeIgniter\Filters\Filters->run('dashboard/group', 'before')
#9 E:\Xampp\htdocs\codeigniter\nhahang\system\CodeIgniter.php(355): CodeIgniter\CodeIgniter->handleRequest(NULL, Object(Config\Cache), false)
#10 E:\Xampp\htdocs\codeigniter\nhahang\system\Boot.php(312): CodeIgniter\CodeIgniter->run()
#11 E:\Xampp\htdocs\codeigniter\nhahang\system\Boot.php(67): CodeIgniter\Boot::runCodeIgniter(Object(CodeIgniter\CodeIgniter))
#12 E:\Xampp\htdocs\codeigniter\nhahang\public\index.php(56): CodeIgniter\Boot::bootWeb(Object(Config\Paths))
#13 E:\Xampp\htdocs\codeigniter\nhahang\system\Commands\Server\rewrite.php(49): require_once('E:\\Xampp\\htdocs...')
#14 {main}
CRITICAL - 2024-10-18 04:54:05 --> CodeIgniter\Database\Exceptions\DatabaseException: Unable to connect to the database.
Main connection [MySQLi]: No connection could be made because the target machine actively refused it
[Method: GET, Route: dashboard/group]
in SYSTEMPATH\Database\BaseConnection.php on line 457.
 1 SYSTEMPATH\Database\BaseConnection.php(604): CodeIgniter\Database\BaseConnection->initialize()
 2 SYSTEMPATH\Database\BaseBuilder.php(1629): CodeIgniter\Database\BaseConnection->query('SELECT `role_id`
FROM `role`
WHERE `url` = :url:
 LIMIT 1', [...], false)
 3 SYSTEMPATH\Model.php(319): CodeIgniter\Database\BaseBuilder->get()
 4 SYSTEMPATH\BaseModel.php(714): CodeIgniter\Model->doFirst()
 5 APPPATH\Filters\AuthFilter.php(52): CodeIgniter\BaseModel->first()
 6 SYSTEMPATH\Filters\Filters.php(203): App\Filters\AuthFilter->before(Object(CodeIgniter\HTTP\IncomingRequest), null)
 7 SYSTEMPATH\Filters\Filters.php(184): CodeIgniter\Filters\Filters->runBefore([...])
 8 SYSTEMPATH\CodeIgniter.php(481): CodeIgniter\Filters\Filters->run('dashboard/group', 'before')
 9 SYSTEMPATH\CodeIgniter.php(355): CodeIgniter\CodeIgniter->handleRequest(null, Object(Config\Cache), false)
10 SYSTEMPATH\Boot.php(312): CodeIgniter\CodeIgniter->run()
11 SYSTEMPATH\Boot.php(67): CodeIgniter\Boot::runCodeIgniter(Object(CodeIgniter\CodeIgniter))
12 FCPATH\index.php(56): CodeIgniter\Boot::bootWeb(Object(Config\Paths))
13 SYSTEMPATH\Commands\Server\rewrite.php(49): require_once('E:\\Xampp\\htdocs\\codeigniter\\nhahang\\public\\index.php')
INFO - 2024-10-18 04:54:42 --> Session: Class initialized using 'CodeIgniter\Session\Handlers\FileHandler' driver.
