CRITICAL - 2024-06-28 06:45:23 --> ErrorException: Undefined variable $roles
[Method: GET, Route: dashboard/role]
in APPPATH\Views\admin\role\table.php on line 15.
 1 APPPATH\Views\admin\role\table.php(15): CodeIgniter\Debug\Exceptions->errorHandler(2, 'Undefined variable $roles', 'E:\\Xampp\\htdocs\\codeigniter\\roletest\\app\\Views\\admin\\role\\table.php', 15)
 2 SYSTEMPATH\View\View.php(234): include('E:\\Xampp\\htdocs\\codeigniter\\roletest\\app\\Views\\admin\\role\\table.php')
 3 SYSTEMPATH\View\View.php(237): CodeIgniter\View\View->CodeIgniter\View\{closure}()
 4 SYSTEMPATH\Common.php(1171): CodeIgniter\View\View->render('admin/role/table', [], true)
 5 APPPATH\Controllers\dashboard\Role\RoleController.php(22): view('admin/role/table')
 6 SYSTEMPATH\CodeIgniter.php(933): App\Controllers\Dashboard\Role\RoleController->index()
 7 SYSTEMPATH\CodeIgniter.php(509): CodeIgniter\CodeIgniter->runController(Object(App\Controllers\Dashboard\Role\RoleController))
 8 SYSTEMPATH\CodeIgniter.php(355): CodeIgniter\CodeIgniter->handleRequest(null, Object(Config\Cache), false)
 9 SYSTEMPATH\Boot.php(312): CodeIgniter\CodeIgniter->run()
10 SYSTEMPATH\Boot.php(67): CodeIgniter\Boot::runCodeIgniter(Object(CodeIgniter\CodeIgniter))
11 FCPATH\index.php(56): CodeIgniter\Boot::bootWeb(Object(Config\Paths))
12 SYSTEMPATH\Commands\Server\rewrite.php(49): require_once('E:\\Xampp\\htdocs\\codeigniter\\roletest\\public\\index.php')
CRITICAL - 2024-06-28 06:45:23 --> ErrorException: Undefined variable $roles
[Method: GET, Route: dashboard/role]
in APPPATH\Views\admin\role\table.php on line 15.
 1 APPPATH\Views\admin\role\table.php(15): CodeIgniter\Debug\Exceptions->errorHandler(2, 'Undefined variable $roles', 'E:\\Xampp\\htdocs\\codeigniter\\roletest\\app\\Views\\admin\\role\\table.php', 15)
 2 SYSTEMPATH\View\View.php(234): include('E:\\Xampp\\htdocs\\codeigniter\\roletest\\app\\Views\\admin\\role\\table.php')
 3 SYSTEMPATH\View\View.php(237): CodeIgniter\View\View->CodeIgniter\View\{closure}()
 4 SYSTEMPATH\Common.php(1171): CodeIgniter\View\View->render('admin/role/table', [], true)
 5 APPPATH\Controllers\dashboard\Role\RoleController.php(22): view('admin/role/table')
 6 SYSTEMPATH\CodeIgniter.php(933): App\Controllers\Dashboard\Role\RoleController->index()
 7 SYSTEMPATH\CodeIgniter.php(509): CodeIgniter\CodeIgniter->runController(Object(App\Controllers\Dashboard\Role\RoleController))
 8 SYSTEMPATH\CodeIgniter.php(355): CodeIgniter\CodeIgniter->handleRequest(null, Object(Config\Cache), false)
 9 SYSTEMPATH\Boot.php(312): CodeIgniter\CodeIgniter->run()
10 SYSTEMPATH\Boot.php(67): CodeIgniter\Boot::runCodeIgniter(Object(CodeIgniter\CodeIgniter))
11 FCPATH\index.php(56): CodeIgniter\Boot::bootWeb(Object(Config\Paths))
12 SYSTEMPATH\Commands\Server\rewrite.php(49): require_once('E:\\Xampp\\htdocs\\codeigniter\\roletest\\public\\index.php')
CRITICAL - 2024-06-28 06:45:38 --> ErrorException: Undefined array key "name"
[Method: GET, Route: dashboard/role]
in APPPATH\Views\admin\role\table.php on line 18.
 1 APPPATH\Views\admin\role\table.php(18): CodeIgniter\Debug\Exceptions->errorHandler(2, 'Undefined array key "name"', 'E:\\Xampp\\htdocs\\codeigniter\\roletest\\app\\Views\\admin\\role\\table.php', 18)
 2 SYSTEMPATH\View\View.php(234): include('E:\\Xampp\\htdocs\\codeigniter\\roletest\\app\\Views\\admin\\role\\table.php')
 3 SYSTEMPATH\View\View.php(237): CodeIgniter\View\View->CodeIgniter\View\{closure}()
 4 SYSTEMPATH\Common.php(1171): CodeIgniter\View\View->render('admin/role/table', [], true)
 5 APPPATH\Controllers\dashboard\Role\RoleController.php(22): view('admin/role/table', [...])
 6 SYSTEMPATH\CodeIgniter.php(933): App\Controllers\Dashboard\Role\RoleController->index()
 7 SYSTEMPATH\CodeIgniter.php(509): CodeIgniter\CodeIgniter->runController(Object(App\Controllers\Dashboard\Role\RoleController))
 8 SYSTEMPATH\CodeIgniter.php(355): CodeIgniter\CodeIgniter->handleRequest(null, Object(Config\Cache), false)
 9 SYSTEMPATH\Boot.php(312): CodeIgniter\CodeIgniter->run()
10 SYSTEMPATH\Boot.php(67): CodeIgniter\Boot::runCodeIgniter(Object(CodeIgniter\CodeIgniter))
11 FCPATH\index.php(56): CodeIgniter\Boot::bootWeb(Object(Config\Paths))
12 SYSTEMPATH\Commands\Server\rewrite.php(49): require_once('E:\\Xampp\\htdocs\\codeigniter\\roletest\\public\\index.php')
CRITICAL - 2024-06-28 06:45:52 --> ErrorException: Undefined array key "group_id"
[Method: GET, Route: dashboard/role]
in APPPATH\Views\admin\role\table.php on line 21.
 1 APPPATH\Views\admin\role\table.php(21): CodeIgniter\Debug\Exceptions->errorHandler(2, 'Undefined array key "group_id"', 'E:\\Xampp\\htdocs\\codeigniter\\roletest\\app\\Views\\admin\\role\\table.php', 21)
 2 SYSTEMPATH\View\View.php(234): include('E:\\Xampp\\htdocs\\codeigniter\\roletest\\app\\Views\\admin\\role\\table.php')
 3 SYSTEMPATH\View\View.php(237): CodeIgniter\View\View->CodeIgniter\View\{closure}()
 4 SYSTEMPATH\Common.php(1171): CodeIgniter\View\View->render('admin/role/table', [], true)
 5 APPPATH\Controllers\dashboard\Role\RoleController.php(22): view('admin/role/table', [...])
 6 SYSTEMPATH\CodeIgniter.php(933): App\Controllers\Dashboard\Role\RoleController->index()
 7 SYSTEMPATH\CodeIgniter.php(509): CodeIgniter\CodeIgniter->runController(Object(App\Controllers\Dashboard\Role\RoleController))
 8 SYSTEMPATH\CodeIgniter.php(355): CodeIgniter\CodeIgniter->handleRequest(null, Object(Config\Cache), false)
 9 SYSTEMPATH\Boot.php(312): CodeIgniter\CodeIgniter->run()
10 SYSTEMPATH\Boot.php(67): CodeIgniter\Boot::runCodeIgniter(Object(CodeIgniter\CodeIgniter))
11 FCPATH\index.php(56): CodeIgniter\Boot::bootWeb(Object(Config\Paths))
12 SYSTEMPATH\Commands\Server\rewrite.php(49): require_once('E:\\Xampp\\htdocs\\codeigniter\\roletest\\public\\index.php')
INFO - 2024-06-28 06:46:03 --> Session: Class initialized using 'CodeIgniter\Session\Handlers\FileHandler' driver.
INFO - 2024-06-28 06:46:56 --> Session: Class initialized using 'CodeIgniter\Session\Handlers\FileHandler' driver.
